<?xml version="1.0" encoding="UTF-8"?>
<!-- Generated by org.testng.reporters.JUnitXMLReporter -->
<testsuite ignored="0" hostname="DESKTOP-B1JPLB9" failures="0" tests="4" name="Test" time="66.262" errors="0" timestamp="2021-11-06T16:53:27 IST">
  <testcase classname="FrameWork.E2EProject2.ValidateTitle" name="BaseNavigation" time="0.654"/>
  <testcase classname="FrameWork.E2EProject2.ValidateNavigationBar" name="BaseNavigation" time="0.303"/>
  <testcase classname="FrameWork.E2EProject2.homepage" name="BaseNavigation" time="16.554"/>
  <testcase classname="FrameWork.E2EProject2.homepage" name="BaseNavigation" time="6.914"/>
</testsuite> <!-- Test -->
